{"C:\\Users\\kelec\\OneDrive - Loyola University Maryland\\Web Programming\\StatTrack\\model\\GameDaoMem.js": {"path":"C:\\Users\\kelec\\OneDrive - Loyola University Maryland\\Web Programming\\StatTrack\\model\\GameDaoMem.js","statementMap":{"0":{"start":{"line":2,"column":11},"end":{"line":2,"column":24}},"1":{"start":{"line":3,"column":13},"end":{"line":3,"column":28}},"2":{"start":{"line":5,"column":17},"end":{"line":5,"column":59}},"3":{"start":{"line":6,"column":0},"end":{"line":6,"column":39}},"4":{"start":{"line":8,"column":15},"end":{"line":8,"column":48}},"5":{"start":{"line":9,"column":1},"end":{"line":9,"column":37}},"6":{"start":{"line":10,"column":2},"end":{"line":10,"column":26}},"7":{"start":{"line":14,"column":2},"end":{"line":14,"column":61}},"8":{"start":{"line":18,"column":19},"end":{"line":18,"column":29}},"9":{"start":{"line":19,"column":2},"end":{"line":23,"column":3}},"10":{"start":{"line":19,"column":15},"end":{"line":19,"column":16}},"11":{"start":{"line":20,"column":4},"end":{"line":22,"column":5}},"12":{"start":{"line":21,"column":6},"end":{"line":21,"column":15}},"13":{"start":{"line":24,"column":2},"end":{"line":24,"column":12}},"14":{"start":{"line":27,"column":0},"end":{"line":29,"column":2}},"15":{"start":{"line":28,"column":2},"end":{"line":28,"column":20}},"16":{"start":{"line":31,"column":0},"end":{"line":43,"column":2}},"17":{"start":{"line":32,"column":16},"end":{"line":32,"column":26}},"18":{"start":{"line":34,"column":2},"end":{"line":38,"column":3}},"19":{"start":{"line":35,"column":4},"end":{"line":35,"column":16}},"20":{"start":{"line":37,"column":4},"end":{"line":37,"column":45}},"21":{"start":{"line":40,"column":2},"end":{"line":40,"column":19}},"22":{"start":{"line":41,"column":2},"end":{"line":41,"column":19}},"23":{"start":{"line":42,"column":2},"end":{"line":42,"column":14}},"24":{"start":{"line":45,"column":0},"end":{"line":54,"column":2}},"25":{"start":{"line":46,"column":16},"end":{"line":46,"column":26}},"26":{"start":{"line":47,"column":16},"end":{"line":47,"column":30}},"27":{"start":{"line":49,"column":2},"end":{"line":51,"column":3}},"28":{"start":{"line":50,"column":4},"end":{"line":50,"column":24}},"29":{"start":{"line":53,"column":2},"end":{"line":53,"column":14}},"30":{"start":{"line":56,"column":0},"end":{"line":67,"column":2}},"31":{"start":{"line":57,"column":16},"end":{"line":57,"column":26}},"32":{"start":{"line":58,"column":16},"end":{"line":58,"column":35}},"33":{"start":{"line":60,"column":2},"end":{"line":64,"column":3}},"34":{"start":{"line":61,"column":4},"end":{"line":61,"column":24}},"35":{"start":{"line":62,"column":4},"end":{"line":62,"column":21}},"36":{"start":{"line":63,"column":4},"end":{"line":63,"column":16}},"37":{"start":{"line":66,"column":2},"end":{"line":66,"column":14}},"38":{"start":{"line":69,"column":0},"end":{"line":81,"column":2}},"39":{"start":{"line":70,"column":16},"end":{"line":70,"column":26}},"40":{"start":{"line":71,"column":16},"end":{"line":71,"column":30}},"41":{"start":{"line":73,"column":2},"end":{"line":78,"column":3}},"42":{"start":{"line":74,"column":20},"end":{"line":74,"column":32}},"43":{"start":{"line":75,"column":4},"end":{"line":75,"column":27}},"44":{"start":{"line":76,"column":4},"end":{"line":76,"column":21}},"45":{"start":{"line":77,"column":4},"end":{"line":77,"column":19}},"46":{"start":{"line":80,"column":2},"end":{"line":80,"column":14}}},"fnMap":{"0":{"name":"readFile","decl":{"start":{"line":7,"column":9},"end":{"line":7,"column":17}},"loc":{"start":{"line":7,"column":20},"end":{"line":11,"column":1}},"line":7},"1":{"name":"writeFile","decl":{"start":{"line":13,"column":9},"end":{"line":13,"column":18}},"loc":{"start":{"line":13,"column":26},"end":{"line":15,"column":1}},"line":13},"2":{"name":"pos","decl":{"start":{"line":17,"column":9},"end":{"line":17,"column":12}},"loc":{"start":{"line":17,"column":24},"end":{"line":25,"column":1}},"line":17},"3":{"name":"(anonymous_3)","decl":{"start":{"line":27,"column":18},"end":{"line":27,"column":19}},"loc":{"start":{"line":27,"column":30},"end":{"line":29,"column":1}},"line":27},"4":{"name":"(anonymous_4)","decl":{"start":{"line":31,"column":17},"end":{"line":31,"column":18}},"loc":{"start":{"line":31,"column":33},"end":{"line":43,"column":1}},"line":31},"5":{"name":"(anonymous_5)","decl":{"start":{"line":45,"column":15},"end":{"line":45,"column":16}},"loc":{"start":{"line":45,"column":29},"end":{"line":54,"column":1}},"line":45},"6":{"name":"(anonymous_6)","decl":{"start":{"line":56,"column":17},"end":{"line":56,"column":18}},"loc":{"start":{"line":56,"column":33},"end":{"line":67,"column":1}},"line":56},"7":{"name":"(anonymous_7)","decl":{"start":{"line":69,"column":14},"end":{"line":69,"column":15}},"loc":{"start":{"line":69,"column":28},"end":{"line":81,"column":1}},"line":69}},"branchMap":{"0":{"loc":{"start":{"line":20,"column":4},"end":{"line":22,"column":5}},"type":"if","locations":[{"start":{"line":20,"column":4},"end":{"line":22,"column":5}},{"start":{},"end":{}}],"line":20},"1":{"loc":{"start":{"line":34,"column":2},"end":{"line":38,"column":3}},"type":"if","locations":[{"start":{"line":34,"column":2},"end":{"line":38,"column":3}},{"start":{"line":36,"column":9},"end":{"line":38,"column":3}}],"line":34},"2":{"loc":{"start":{"line":49,"column":2},"end":{"line":51,"column":3}},"type":"if","locations":[{"start":{"line":49,"column":2},"end":{"line":51,"column":3}},{"start":{},"end":{}}],"line":49},"3":{"loc":{"start":{"line":60,"column":2},"end":{"line":64,"column":3}},"type":"if","locations":[{"start":{"line":60,"column":2},"end":{"line":64,"column":3}},{"start":{},"end":{}}],"line":60},"4":{"loc":{"start":{"line":73,"column":2},"end":{"line":78,"column":3}},"type":"if","locations":[{"start":{"line":73,"column":2},"end":{"line":78,"column":3}},{"start":{},"end":{}}],"line":73}},"s":{"0":1,"1":1,"2":1,"3":1,"4":17,"5":17,"6":17,"7":8,"8":7,"9":7,"10":7,"11":4,"12":4,"13":3,"14":1,"15":4,"16":1,"17":6,"18":6,"19":5,"20":1,"21":6,"22":6,"23":6,"24":1,"25":3,"26":3,"27":3,"28":2,"29":1,"30":1,"31":2,"32":2,"33":2,"34":1,"35":1,"36":1,"37":1,"38":1,"39":2,"40":2,"41":2,"42":1,"43":1,"44":1,"45":1,"46":1},"f":{"0":17,"1":8,"2":7,"3":4,"4":6,"5":3,"6":2,"7":2},"b":{"0":[4,0],"1":[5,1],"2":[2,1],"3":[1,1],"4":[1,1]},"_coverageSchema":"1a1c01bbd47fc00a2c39e90264f33305004495a9","hash":"6c2c9d4d999afc0f9e0b6d40789748dfdb9ec7fe"}
}
