{"/Users/mileshall/Desktop/StatTrack/model/DbConnection.js": {"path":"/Users/mileshall/Desktop/StatTrack/model/DbConnection.js","statementMap":{"0":{"start":{"line":1,"column":0},"end":{"line":1,"column":27}},"1":{"start":{"line":2,"column":17},"end":{"line":2,"column":36}},"2":{"start":{"line":4,"column":0},"end":{"line":14,"column":1}},"3":{"start":{"line":5,"column":14},"end":{"line":5,"column":32}},"4":{"start":{"line":6,"column":4},"end":{"line":6,"column":54}},"5":{"start":{"line":6,"column":25},"end":{"line":6,"column":54}},"6":{"start":{"line":7,"column":4},"end":{"line":7,"column":68}},"7":{"start":{"line":7,"column":23},"end":{"line":7,"column":68}},"8":{"start":{"line":9,"column":4},"end":{"line":13,"column":5}},"9":{"start":{"line":10,"column":8},"end":{"line":10,"column":36}},"10":{"start":{"line":12,"column":8},"end":{"line":12,"column":27}},"11":{"start":{"line":16,"column":0},"end":{"line":18,"column":1}},"12":{"start":{"line":17,"column":4},"end":{"line":17,"column":38}}},"fnMap":{"0":{"name":"(anonymous_0)","decl":{"start":{"line":4,"column":18},"end":{"line":4,"column":19}},"loc":{"start":{"line":4,"column":39},"end":{"line":14,"column":1}},"line":4},"1":{"name":"(anonymous_1)","decl":{"start":{"line":16,"column":21},"end":{"line":16,"column":22}},"loc":{"start":{"line":16,"column":37},"end":{"line":18,"column":1}},"line":16}},"branchMap":{"0":{"loc":{"start":{"line":6,"column":4},"end":{"line":6,"column":54}},"type":"if","locations":[{"start":{"line":6,"column":4},"end":{"line":6,"column":54}},{"start":{},"end":{}}],"line":6},"1":{"loc":{"start":{"line":7,"column":4},"end":{"line":7,"column":68}},"type":"if","locations":[{"start":{"line":7,"column":4},"end":{"line":7,"column":68}},{"start":{},"end":{}}],"line":7}},"s":{"0":1,"1":1,"2":1,"3":1,"4":1,"5":0,"6":1,"7":0,"8":1,"9":1,"10":0,"11":1,"12":1},"f":{"0":1,"1":1},"b":{"0":[0,1],"1":[0,1]},"_coverageSchema":"1a1c01bbd47fc00a2c39e90264f33305004495a9","hash":"dae867553e5b6c808fc30e9f1722390ab0ffafed"}
,"/Users/mileshall/Desktop/StatTrack/model/GameDaoMem.js": {"path":"/Users/mileshall/Desktop/StatTrack/model/GameDaoMem.js","statementMap":{"0":{"start":{"line":6,"column":11},"end":{"line":6,"column":24}},"1":{"start":{"line":7,"column":13},"end":{"line":7,"column":28}},"2":{"start":{"line":10,"column":17},"end":{"line":10,"column":59}},"3":{"start":{"line":13,"column":15},"end":{"line":13,"column":48}},"4":{"start":{"line":15,"column":2},"end":{"line":15,"column":26}},"5":{"start":{"line":19,"column":2},"end":{"line":19,"column":61}},"6":{"start":{"line":23,"column":19},"end":{"line":23,"column":29}},"7":{"start":{"line":24,"column":2},"end":{"line":28,"column":3}},"8":{"start":{"line":24,"column":15},"end":{"line":24,"column":16}},"9":{"start":{"line":25,"column":4},"end":{"line":27,"column":5}},"10":{"start":{"line":26,"column":6},"end":{"line":26,"column":15}},"11":{"start":{"line":29,"column":2},"end":{"line":29,"column":12}},"12":{"start":{"line":32,"column":0},"end":{"line":34,"column":2}},"13":{"start":{"line":33,"column":2},"end":{"line":33,"column":20}},"14":{"start":{"line":36,"column":0},"end":{"line":48,"column":2}},"15":{"start":{"line":37,"column":16},"end":{"line":37,"column":26}},"16":{"start":{"line":39,"column":2},"end":{"line":43,"column":3}},"17":{"start":{"line":40,"column":4},"end":{"line":40,"column":16}},"18":{"start":{"line":42,"column":4},"end":{"line":42,"column":45}},"19":{"start":{"line":45,"column":2},"end":{"line":45,"column":19}},"20":{"start":{"line":46,"column":2},"end":{"line":46,"column":19}},"21":{"start":{"line":47,"column":2},"end":{"line":47,"column":14}},"22":{"start":{"line":50,"column":0},"end":{"line":59,"column":2}},"23":{"start":{"line":51,"column":16},"end":{"line":51,"column":26}},"24":{"start":{"line":52,"column":16},"end":{"line":52,"column":30}},"25":{"start":{"line":54,"column":2},"end":{"line":56,"column":3}},"26":{"start":{"line":55,"column":4},"end":{"line":55,"column":24}},"27":{"start":{"line":58,"column":2},"end":{"line":58,"column":14}},"28":{"start":{"line":61,"column":0},"end":{"line":72,"column":2}},"29":{"start":{"line":62,"column":16},"end":{"line":62,"column":26}},"30":{"start":{"line":63,"column":16},"end":{"line":63,"column":35}},"31":{"start":{"line":65,"column":2},"end":{"line":69,"column":3}},"32":{"start":{"line":66,"column":4},"end":{"line":66,"column":24}},"33":{"start":{"line":67,"column":4},"end":{"line":67,"column":21}},"34":{"start":{"line":68,"column":4},"end":{"line":68,"column":16}},"35":{"start":{"line":71,"column":2},"end":{"line":71,"column":14}},"36":{"start":{"line":74,"column":0},"end":{"line":86,"column":2}},"37":{"start":{"line":75,"column":16},"end":{"line":75,"column":26}},"38":{"start":{"line":76,"column":16},"end":{"line":76,"column":30}},"39":{"start":{"line":78,"column":2},"end":{"line":83,"column":3}},"40":{"start":{"line":79,"column":20},"end":{"line":79,"column":32}},"41":{"start":{"line":80,"column":4},"end":{"line":80,"column":27}},"42":{"start":{"line":81,"column":4},"end":{"line":81,"column":21}},"43":{"start":{"line":82,"column":4},"end":{"line":82,"column":19}},"44":{"start":{"line":85,"column":2},"end":{"line":85,"column":14}}},"fnMap":{"0":{"name":"readFile","decl":{"start":{"line":12,"column":9},"end":{"line":12,"column":17}},"loc":{"start":{"line":12,"column":20},"end":{"line":16,"column":1}},"line":12},"1":{"name":"writeFile","decl":{"start":{"line":18,"column":9},"end":{"line":18,"column":18}},"loc":{"start":{"line":18,"column":26},"end":{"line":20,"column":1}},"line":18},"2":{"name":"pos","decl":{"start":{"line":22,"column":9},"end":{"line":22,"column":12}},"loc":{"start":{"line":22,"column":24},"end":{"line":30,"column":1}},"line":22},"3":{"name":"(anonymous_3)","decl":{"start":{"line":32,"column":18},"end":{"line":32,"column":19}},"loc":{"start":{"line":32,"column":30},"end":{"line":34,"column":1}},"line":32},"4":{"name":"(anonymous_4)","decl":{"start":{"line":36,"column":17},"end":{"line":36,"column":18}},"loc":{"start":{"line":36,"column":33},"end":{"line":48,"column":1}},"line":36},"5":{"name":"(anonymous_5)","decl":{"start":{"line":50,"column":15},"end":{"line":50,"column":16}},"loc":{"start":{"line":50,"column":29},"end":{"line":59,"column":1}},"line":50},"6":{"name":"(anonymous_6)","decl":{"start":{"line":61,"column":17},"end":{"line":61,"column":18}},"loc":{"start":{"line":61,"column":33},"end":{"line":72,"column":1}},"line":61},"7":{"name":"(anonymous_7)","decl":{"start":{"line":74,"column":14},"end":{"line":74,"column":15}},"loc":{"start":{"line":74,"column":28},"end":{"line":86,"column":1}},"line":74}},"branchMap":{"0":{"loc":{"start":{"line":25,"column":4},"end":{"line":27,"column":5}},"type":"if","locations":[{"start":{"line":25,"column":4},"end":{"line":27,"column":5}},{"start":{},"end":{}}],"line":25},"1":{"loc":{"start":{"line":39,"column":2},"end":{"line":43,"column":3}},"type":"if","locations":[{"start":{"line":39,"column":2},"end":{"line":43,"column":3}},{"start":{"line":41,"column":9},"end":{"line":43,"column":3}}],"line":39},"2":{"loc":{"start":{"line":54,"column":2},"end":{"line":56,"column":3}},"type":"if","locations":[{"start":{"line":54,"column":2},"end":{"line":56,"column":3}},{"start":{},"end":{}}],"line":54},"3":{"loc":{"start":{"line":65,"column":2},"end":{"line":69,"column":3}},"type":"if","locations":[{"start":{"line":65,"column":2},"end":{"line":69,"column":3}},{"start":{},"end":{}}],"line":65},"4":{"loc":{"start":{"line":78,"column":2},"end":{"line":83,"column":3}},"type":"if","locations":[{"start":{"line":78,"column":2},"end":{"line":83,"column":3}},{"start":{},"end":{}}],"line":78}},"s":{"0":1,"1":1,"2":1,"3":17,"4":17,"5":8,"6":7,"7":7,"8":7,"9":4,"10":4,"11":3,"12":1,"13":4,"14":1,"15":6,"16":6,"17":5,"18":1,"19":6,"20":6,"21":6,"22":1,"23":3,"24":3,"25":3,"26":2,"27":1,"28":1,"29":2,"30":2,"31":2,"32":1,"33":1,"34":1,"35":1,"36":1,"37":2,"38":2,"39":2,"40":1,"41":1,"42":1,"43":1,"44":1},"f":{"0":17,"1":8,"2":7,"3":4,"4":6,"5":3,"6":2,"7":2},"b":{"0":[4,0],"1":[5,1],"2":[2,1],"3":[1,1],"4":[1,1]},"_coverageSchema":"1a1c01bbd47fc00a2c39e90264f33305004495a9","hash":"ebf08d5119e810cf19f28dfc81249047fe5cf1ee"}
,"/Users/mileshall/Desktop/StatTrack/model/GameDaoMongoose.js": {"path":"/Users/mileshall/Desktop/StatTrack/model/GameDaoMongoose.js","statementMap":{"0":{"start":{"line":1,"column":17},"end":{"line":1,"column":36}},"1":{"start":{"line":3,"column":19},"end":{"line":10,"column":2}},"2":{"start":{"line":12,"column":13},"end":{"line":12,"column":47}},"3":{"start":{"line":14,"column":16},"end":{"line":17,"column":1}},"4":{"start":{"line":15,"column":18},"end":{"line":15,"column":37}},"5":{"start":{"line":16,"column":4},"end":{"line":16,"column":17}},"6":{"start":{"line":18,"column":0},"end":{"line":18,"column":26}},"7":{"start":{"line":20,"column":13},"end":{"line":23,"column":1}},"8":{"start":{"line":21,"column":17},"end":{"line":21,"column":41}},"9":{"start":{"line":22,"column":4},"end":{"line":22,"column":16}},"10":{"start":{"line":25,"column":0},"end":{"line":25,"column":20}},"11":{"start":{"line":27,"column":0},"end":{"line":31,"column":1}},"12":{"start":{"line":28,"column":22},"end":{"line":28,"column":36}},"13":{"start":{"line":29,"column":4},"end":{"line":29,"column":27}},"14":{"start":{"line":30,"column":4},"end":{"line":30,"column":21}},"15":{"start":{"line":33,"column":0},"end":{"line":46,"column":1}},"16":{"start":{"line":34,"column":22},"end":{"line":34,"column":50}},"17":{"start":{"line":35,"column":4},"end":{"line":35,"column":38}},"18":{"start":{"line":35,"column":26},"end":{"line":35,"column":38}},"19":{"start":{"line":37,"column":4},"end":{"line":37,"column":35}},"20":{"start":{"line":38,"column":4},"end":{"line":38,"column":31}},"21":{"start":{"line":39,"column":4},"end":{"line":39,"column":39}},"22":{"start":{"line":40,"column":4},"end":{"line":40,"column":35}},"23":{"start":{"line":41,"column":4},"end":{"line":41,"column":39}},"24":{"start":{"line":42,"column":4},"end":{"line":42,"column":37}},"25":{"start":{"line":44,"column":4},"end":{"line":44,"column":27}},"26":{"start":{"line":45,"column":4},"end":{"line":45,"column":21}},"27":{"start":{"line":48,"column":0},"end":{"line":51,"column":1}},"28":{"start":{"line":49,"column":17},"end":{"line":49,"column":50}},"29":{"start":{"line":50,"column":4},"end":{"line":50,"column":16}},"30":{"start":{"line":53,"column":0},"end":{"line":55,"column":1}},"31":{"start":{"line":54,"column":4},"end":{"line":54,"column":30}}},"fnMap":{"0":{"name":"(anonymous_0)","decl":{"start":{"line":14,"column":16},"end":{"line":14,"column":17}},"loc":{"start":{"line":14,"column":32},"end":{"line":17,"column":1}},"line":14},"1":{"name":"(anonymous_1)","decl":{"start":{"line":20,"column":13},"end":{"line":20,"column":14}},"loc":{"start":{"line":20,"column":32},"end":{"line":23,"column":1}},"line":20},"2":{"name":"(anonymous_2)","decl":{"start":{"line":27,"column":17},"end":{"line":27,"column":18}},"loc":{"start":{"line":27,"column":37},"end":{"line":31,"column":1}},"line":27},"3":{"name":"(anonymous_3)","decl":{"start":{"line":33,"column":17},"end":{"line":33,"column":18}},"loc":{"start":{"line":33,"column":37},"end":{"line":46,"column":1}},"line":33},"4":{"name":"(anonymous_4)","decl":{"start":{"line":48,"column":14},"end":{"line":48,"column":15}},"loc":{"start":{"line":48,"column":33},"end":{"line":51,"column":1}},"line":48},"5":{"name":"(anonymous_5)","decl":{"start":{"line":53,"column":20},"end":{"line":53,"column":21}},"loc":{"start":{"line":53,"column":36},"end":{"line":55,"column":1}},"line":53}},"branchMap":{"0":{"loc":{"start":{"line":35,"column":4},"end":{"line":35,"column":38}},"type":"if","locations":[{"start":{"line":35,"column":4},"end":{"line":35,"column":38}},{"start":{},"end":{}}],"line":35}},"s":{"0":1,"1":1,"2":1,"3":1,"4":1,"5":1,"6":1,"7":1,"8":4,"9":4,"10":1,"11":1,"12":5,"13":5,"14":5,"15":1,"16":2,"17":2,"18":1,"19":1,"20":1,"21":1,"22":1,"23":1,"24":1,"25":1,"26":1,"27":1,"28":1,"29":1,"30":1,"31":6},"f":{"0":1,"1":4,"2":5,"3":2,"4":1,"5":6},"b":{"0":[1,1]},"_coverageSchema":"1a1c01bbd47fc00a2c39e90264f33305004495a9","hash":"e4016635514811d16b3a6e0a50504281164b9b5e"}
}
