TN:
SF:model\GameDaoMem.js
FN:7,readFile
FN:13,writeFile
FN:17,pos
FN:27,(anonymous_3)
FN:31,(anonymous_4)
FN:45,(anonymous_5)
FN:56,(anonymous_6)
FN:69,(anonymous_7)
FNF:8
FNH:8
FNDA:17,readFile
FNDA:8,writeFile
FNDA:7,pos
FNDA:4,(anonymous_3)
FNDA:6,(anonymous_4)
FNDA:3,(anonymous_5)
FNDA:2,(anonymous_6)
FNDA:2,(anonymous_7)
DA:2,1
DA:3,1
DA:5,1
DA:6,1
DA:8,17
DA:9,17
DA:10,17
DA:14,8
DA:18,7
DA:19,7
DA:20,4
DA:21,4
DA:24,3
DA:27,1
DA:28,4
DA:31,1
DA:32,6
DA:34,6
DA:35,5
DA:37,1
DA:40,6
DA:41,6
DA:42,6
DA:45,1
DA:46,3
DA:47,3
DA:49,3
DA:50,2
DA:53,1
DA:56,1
DA:57,2
DA:58,2
DA:60,2
DA:61,1
DA:62,1
DA:63,1
DA:66,1
DA:69,1
DA:70,2
DA:71,2
DA:73,2
DA:74,1
DA:75,1
DA:76,1
DA:77,1
DA:80,1
LF:46
LH:46
BRDA:20,0,0,4
BRDA:20,0,1,0
BRDA:34,1,0,5
BRDA:34,1,1,1
BRDA:49,2,0,2
BRDA:49,2,1,1
BRDA:60,3,0,1
BRDA:60,3,1,1
BRDA:73,4,0,1
BRDA:73,4,1,1
BRF:10
BRH:9
end_of_record
