TN:
SF:model/DbConnection.js
FN:4,(anonymous_0)
FN:16,(anonymous_1)
FNF:2
FNH:2
FNDA:1,(anonymous_0)
FNDA:1,(anonymous_1)
DA:1,1
DA:2,1
DA:4,1
DA:5,1
DA:6,1
DA:7,1
DA:9,1
DA:10,1
DA:12,0
DA:16,1
DA:17,1
LF:11
LH:10
BRDA:6,0,0,0
BRDA:6,0,1,1
BRDA:7,1,0,0
BRDA:7,1,1,1
BRF:4
BRH:2
end_of_record
TN:
SF:model/GameDaoMem.js
FN:12,readFile
FN:18,writeFile
FN:22,pos
FN:32,(anonymous_3)
FN:36,(anonymous_4)
FN:50,(anonymous_5)
FN:61,(anonymous_6)
FN:74,(anonymous_7)
FNF:8
FNH:8
FNDA:17,readFile
FNDA:8,writeFile
FNDA:7,pos
FNDA:4,(anonymous_3)
FNDA:6,(anonymous_4)
FNDA:3,(anonymous_5)
FNDA:2,(anonymous_6)
FNDA:2,(anonymous_7)
DA:6,1
DA:7,1
DA:10,1
DA:13,17
DA:15,17
DA:19,8
DA:23,7
DA:24,7
DA:25,4
DA:26,4
DA:29,3
DA:32,1
DA:33,4
DA:36,1
DA:37,6
DA:39,6
DA:40,5
DA:42,1
DA:45,6
DA:46,6
DA:47,6
DA:50,1
DA:51,3
DA:52,3
DA:54,3
DA:55,2
DA:58,1
DA:61,1
DA:62,2
DA:63,2
DA:65,2
DA:66,1
DA:67,1
DA:68,1
DA:71,1
DA:74,1
DA:75,2
DA:76,2
DA:78,2
DA:79,1
DA:80,1
DA:81,1
DA:82,1
DA:85,1
LF:44
LH:44
BRDA:25,0,0,4
BRDA:25,0,1,0
BRDA:39,1,0,5
BRDA:39,1,1,1
BRDA:54,2,0,2
BRDA:54,2,1,1
BRDA:65,3,0,1
BRDA:65,3,1,1
BRDA:78,4,0,1
BRDA:78,4,1,1
BRF:10
BRH:9
end_of_record
TN:
SF:model/GameDaoMongoose.js
FN:14,(anonymous_0)
FN:20,(anonymous_1)
FN:27,(anonymous_2)
FN:33,(anonymous_3)
FN:48,(anonymous_4)
FN:53,(anonymous_5)
FNF:6
FNH:6
FNDA:1,(anonymous_0)
FNDA:4,(anonymous_1)
FNDA:5,(anonymous_2)
FNDA:2,(anonymous_3)
FNDA:1,(anonymous_4)
FNDA:6,(anonymous_5)
DA:1,1
DA:3,1
DA:12,1
DA:14,1
DA:15,1
DA:16,1
DA:18,1
DA:20,1
DA:21,4
DA:22,4
DA:25,1
DA:27,1
DA:28,5
DA:29,5
DA:30,5
DA:33,1
DA:34,2
DA:35,2
DA:37,1
DA:38,1
DA:39,1
DA:40,1
DA:41,1
DA:42,1
DA:44,1
DA:45,1
DA:48,1
DA:49,1
DA:50,1
DA:53,1
DA:54,6
LF:31
LH:31
BRDA:35,0,0,1
BRDA:35,0,1,1
BRF:2
BRH:2
end_of_record
